<?xml version="1.0" encoding="UTF-8"?>
<!-- Generated by org.testng.reporters.JUnitReportReporter -->
<testsuite skipped="0" hostname="MyComputer" name="testcases.Testcase_Login" tests="1" failures="0" timestamp="2019-12-04T22:37:09 EST" time="11.930" errors="0">
  <testcase name="login" time="11.930" classname="testcases.Testcase_Login"/>
</testsuite> <!-- testcases.Testcase_Login -->
