<?xml version="1.0" encoding="UTF-8"?>
<!-- Generated by org.testng.reporters.JUnitReportReporter -->
<testsuite skipped="0" hostname="MyComputer" name="testcases.Testcase_AddPayee" tests="1" failures="0" timestamp="2019-12-04T22:37:09 EST" time="16.056" errors="0">
  <testcase name="VerifyAddPayee" time="16.056" classname="testcases.Testcase_AddPayee"/>
</testsuite> <!-- testcases.Testcase_AddPayee -->
