<?xml version="1.0" encoding="UTF-8"?>
<!-- Generated by org.testng.reporters.JUnitReportReporter -->
<testsuite skipped="0" hostname="MyComputer" name="testcases.Testcase_TransferFund" tests="1" failures="0" timestamp="2019-12-04T22:37:09 EST" time="16.706" errors="0">
  <testcase name="VerifyAddPayee" time="16.706" classname="testcases.Testcase_TransferFund"/>
</testsuite> <!-- testcases.Testcase_TransferFund -->
