<?xml version="1.0" encoding="UTF-8"?>
<!-- Generated by org.testng.reporters.JUnitReportReporter -->
<testsuite skipped="0" hostname="MyComputer" name="testcases.Testcase_AddPayee" tests="1" failures="0" timestamp="01 Dec 2019 17:59:36 GMT" time="18.277" errors="0">
  <testcase name="VerifyAddPayee" time="18.277" classname="testcases.Testcase_AddPayee"/>
</testsuite> <!-- testcases.Testcase_AddPayee -->
