<?xml version="1.0" encoding="UTF-8"?>
<!-- Generated by org.testng.reporters.JUnitReportReporter -->
<testsuite skipped="0" hostname="MyComputer" name="testcases.Testcase_Login" tests="1" failures="0" timestamp="21 Nov 2019 19:39:22 GMT" time="13.340" errors="0">
  <testcase name="login" time="13.340" classname="testcases.Testcase_Login"/>
</testsuite> <!-- testcases.Testcase_Login -->
