<?xml version="1.0" encoding="UTF-8"?>
<!-- Generated by org.testng.reporters.JUnitReportReporter -->
<testsuite hostname="MyComputer" failures="0" tests="1" name="testcases.Testcase_Login" time="12.464" errors="0" timestamp="25 Nov 2019 21:45:19 GMT" skipped="0">
  <testcase classname="testcases.Testcase_Login" name="login" time="12.464"/>
</testsuite> <!-- testcases.Testcase_Login -->
