<?xml version="1.0" encoding="UTF-8"?>
<!-- Generated by org.testng.reporters.JUnitReportReporter -->
<testsuite hostname="MyComputer" failures="0" tests="1" name="testcases.Testcase_AddPayee" time="16.115" errors="0" timestamp="25 Nov 2019 21:45:19 GMT" skipped="0">
  <testcase classname="testcases.Testcase_AddPayee" name="VerifyAddPayee" time="16.115"/>
</testsuite> <!-- testcases.Testcase_AddPayee -->
